2017-06-22 17:22:56,644 [Worker-18] INFO  o.e.m.c.i.l.LifecycleMappingFactory - Using org.eclipse.m2e.jdt.JarLifecycleMapping lifecycle mapping for MavenProject: com.savagaborov:JUnitExamples:0.0.1-SNAPSHOT @ C:\Users\savag\workspace\JUnitFundamentals\JUnitExamples\pom.xml.
2017-06-22 17:23:01,862 [Worker-18] INFO  o.e.m.j.i.AbstractJavaProjectConfigurator - Adding source folder /JUnitExamples/src/main/java
2017-06-22 17:23:01,864 [Worker-18] INFO  o.e.m.j.i.AbstractJavaProjectConfigurator - Adding resource folder /JUnitExamples/src/main/resources
2017-06-22 17:23:01,866 [Worker-18] INFO  o.e.m.j.i.AbstractJavaProjectConfigurator - Adding source folder /JUnitExamples/src/test/java
2017-06-22 17:23:01,866 [Worker-18] INFO  o.e.m.j.i.AbstractJavaProjectConfigurator - Adding resource folder /JUnitExamples/src/test/resources
2017-06-22 17:23:12,146 [Worker-17] WARN  o.e.m.c.i.embedder.EclipseLogger - Using platform encoding (Cp1252 actually) to copy filtered resources, i.e. build is platform dependent!
2017-06-22 17:23:12,251 [Worker-17] INFO  o.e.m.c.i.embedder.EclipseLogger - Copying 0 resource
2017-06-22 17:23:12,264 [Worker-17] WARN  o.e.m.c.i.embedder.EclipseLogger - Using platform encoding (Cp1252 actually) to copy filtered resources, i.e. build is platform dependent!
2017-06-22 17:23:12,347 [Worker-17] INFO  o.e.m.c.i.embedder.EclipseLogger - Copying 0 resource
2017-06-22 17:35:29,111 [Worker-37] WARN  o.e.m.c.i.embedder.EclipseLogger - Using platform encoding (Cp1252 actually) to copy filtered resources, i.e. build is platform dependent!
2017-06-22 17:35:29,258 [Worker-37] INFO  o.e.m.c.i.embedder.EclipseLogger - Copying 0 resource
2017-06-22 17:35:29,260 [Worker-37] WARN  o.e.m.c.i.embedder.EclipseLogger - Using platform encoding (Cp1252 actually) to copy filtered resources, i.e. build is platform dependent!
2017-06-22 17:35:29,306 [Worker-37] INFO  o.e.m.c.i.embedder.EclipseLogger - Copying 0 resource
2017-06-22 17:46:23,726 [Worker-35] WARN  o.e.m.c.i.embedder.EclipseLogger - Using platform encoding (Cp1252 actually) to copy filtered resources, i.e. build is platform dependent!
2017-06-22 17:46:23,761 [Worker-35] INFO  o.e.m.c.i.embedder.EclipseLogger - Copying 0 resource
2017-06-22 17:46:23,764 [Worker-35] WARN  o.e.m.c.i.embedder.EclipseLogger - Using platform encoding (Cp1252 actually) to copy filtered resources, i.e. build is platform dependent!
2017-06-22 17:46:23,786 [Worker-35] INFO  o.e.m.c.i.embedder.EclipseLogger - Copying 0 resource
2017-06-22 18:12:27,396 [Worker-25] WARN  o.e.m.c.i.embedder.EclipseLogger - Using platform encoding (Cp1252 actually) to copy filtered resources, i.e. build is platform dependent!
2017-06-22 18:12:27,477 [Worker-25] INFO  o.e.m.c.i.embedder.EclipseLogger - Copying 0 resource
2017-06-22 18:12:27,493 [Worker-25] WARN  o.e.m.c.i.embedder.EclipseLogger - Using platform encoding (Cp1252 actually) to copy filtered resources, i.e. build is platform dependent!
2017-06-22 18:12:27,516 [Worker-25] INFO  o.e.m.c.i.embedder.EclipseLogger - Copying 0 resource
2017-06-22 18:14:25,441 [Worker-31] WARN  o.e.m.c.i.embedder.EclipseLogger - Using platform encoding (Cp1252 actually) to copy filtered resources, i.e. build is platform dependent!
2017-06-22 18:14:25,469 [Worker-31] INFO  o.e.m.c.i.embedder.EclipseLogger - Copying 0 resource
2017-06-22 18:14:25,472 [Worker-31] WARN  o.e.m.c.i.embedder.EclipseLogger - Using platform encoding (Cp1252 actually) to copy filtered resources, i.e. build is platform dependent!
2017-06-22 18:14:25,493 [Worker-31] INFO  o.e.m.c.i.embedder.EclipseLogger - Copying 0 resource
2017-06-22 18:19:42,882 [Worker-34] WARN  o.e.m.c.i.embedder.EclipseLogger - Using platform encoding (Cp1252 actually) to copy filtered resources, i.e. build is platform dependent!
2017-06-22 18:19:42,959 [Worker-34] INFO  o.e.m.c.i.embedder.EclipseLogger - Copying 0 resource
2017-06-22 18:19:42,961 [Worker-34] WARN  o.e.m.c.i.embedder.EclipseLogger - Using platform encoding (Cp1252 actually) to copy filtered resources, i.e. build is platform dependent!
2017-06-22 18:19:42,971 [Worker-34] INFO  o.e.m.c.i.embedder.EclipseLogger - Copying 0 resource
2017-06-22 18:22:30,899 [Worker-35] WARN  o.e.m.c.i.embedder.EclipseLogger - Using platform encoding (Cp1252 actually) to copy filtered resources, i.e. build is platform dependent!
2017-06-22 18:22:30,983 [Worker-35] INFO  o.e.m.c.i.embedder.EclipseLogger - Copying 0 resource
2017-06-22 18:22:30,986 [Worker-35] WARN  o.e.m.c.i.embedder.EclipseLogger - Using platform encoding (Cp1252 actually) to copy filtered resources, i.e. build is platform dependent!
2017-06-22 18:22:31,001 [Worker-35] INFO  o.e.m.c.i.embedder.EclipseLogger - Copying 0 resource
2017-06-22 18:23:02,917 [Worker-32] WARN  o.e.m.c.i.embedder.EclipseLogger - Using platform encoding (Cp1252 actually) to copy filtered resources, i.e. build is platform dependent!
2017-06-22 18:23:02,945 [Worker-32] INFO  o.e.m.c.i.embedder.EclipseLogger - Copying 0 resource
2017-06-22 18:23:02,947 [Worker-32] WARN  o.e.m.c.i.embedder.EclipseLogger - Using platform encoding (Cp1252 actually) to copy filtered resources, i.e. build is platform dependent!
2017-06-22 18:23:02,977 [Worker-32] INFO  o.e.m.c.i.embedder.EclipseLogger - Copying 0 resource
2017-06-22 18:23:32,480 [Worker-35] WARN  o.e.m.c.i.embedder.EclipseLogger - Using platform encoding (Cp1252 actually) to copy filtered resources, i.e. build is platform dependent!
2017-06-22 18:23:32,497 [Worker-35] INFO  o.e.m.c.i.embedder.EclipseLogger - Copying 0 resource
2017-06-22 18:23:32,508 [Worker-35] WARN  o.e.m.c.i.embedder.EclipseLogger - Using platform encoding (Cp1252 actually) to copy filtered resources, i.e. build is platform dependent!
2017-06-22 18:23:32,522 [Worker-35] INFO  o.e.m.c.i.embedder.EclipseLogger - Copying 0 resource
2017-06-22 18:24:28,795 [Worker-36] WARN  o.e.m.c.i.embedder.EclipseLogger - Using platform encoding (Cp1252 actually) to copy filtered resources, i.e. build is platform dependent!
2017-06-22 18:24:28,807 [Worker-36] INFO  o.e.m.c.i.embedder.EclipseLogger - Copying 0 resource
2017-06-22 18:24:28,810 [Worker-36] WARN  o.e.m.c.i.embedder.EclipseLogger - Using platform encoding (Cp1252 actually) to copy filtered resources, i.e. build is platform dependent!
2017-06-22 18:24:28,925 [Worker-36] INFO  o.e.m.c.i.embedder.EclipseLogger - Copying 0 resource
2017-06-22 18:31:37,085 [Worker-25] WARN  o.e.m.c.i.embedder.EclipseLogger - Using platform encoding (Cp1252 actually) to copy filtered resources, i.e. build is platform dependent!
2017-06-22 18:31:37,164 [Worker-25] INFO  o.e.m.c.i.embedder.EclipseLogger - Copying 0 resource
2017-06-22 18:31:37,176 [Worker-25] WARN  o.e.m.c.i.embedder.EclipseLogger - Using platform encoding (Cp1252 actually) to copy filtered resources, i.e. build is platform dependent!
2017-06-22 18:31:37,190 [Worker-25] INFO  o.e.m.c.i.embedder.EclipseLogger - Copying 0 resource
2017-06-22 18:31:59,867 [Worker-25] WARN  o.e.m.c.i.embedder.EclipseLogger - Using platform encoding (Cp1252 actually) to copy filtered resources, i.e. build is platform dependent!
2017-06-22 18:31:59,884 [Worker-25] INFO  o.e.m.c.i.embedder.EclipseLogger - Copying 0 resource
2017-06-22 18:31:59,893 [Worker-25] WARN  o.e.m.c.i.embedder.EclipseLogger - Using platform encoding (Cp1252 actually) to copy filtered resources, i.e. build is platform dependent!
2017-06-22 18:31:59,901 [Worker-25] INFO  o.e.m.c.i.embedder.EclipseLogger - Copying 0 resource
2017-06-22 18:32:49,212 [Worker-40] WARN  o.e.m.c.i.embedder.EclipseLogger - Using platform encoding (Cp1252 actually) to copy filtered resources, i.e. build is platform dependent!
2017-06-22 18:32:49,228 [Worker-40] INFO  o.e.m.c.i.embedder.EclipseLogger - Copying 0 resource
2017-06-22 18:32:49,236 [Worker-40] WARN  o.e.m.c.i.embedder.EclipseLogger - Using platform encoding (Cp1252 actually) to copy filtered resources, i.e. build is platform dependent!
2017-06-22 18:32:49,243 [Worker-40] INFO  o.e.m.c.i.embedder.EclipseLogger - Copying 0 resource
2017-06-22 18:33:30,526 [Worker-37] WARN  o.e.m.c.i.embedder.EclipseLogger - Using platform encoding (Cp1252 actually) to copy filtered resources, i.e. build is platform dependent!
2017-06-22 18:33:30,544 [Worker-37] INFO  o.e.m.c.i.embedder.EclipseLogger - Copying 0 resource
2017-06-22 18:33:30,546 [Worker-37] WARN  o.e.m.c.i.embedder.EclipseLogger - Using platform encoding (Cp1252 actually) to copy filtered resources, i.e. build is platform dependent!
2017-06-22 18:33:30,559 [Worker-37] INFO  o.e.m.c.i.embedder.EclipseLogger - Copying 0 resource
2017-06-22 18:35:39,149 [Worker-40] WARN  o.e.m.c.i.embedder.EclipseLogger - Using platform encoding (Cp1252 actually) to copy filtered resources, i.e. build is platform dependent!
2017-06-22 18:35:39,254 [Worker-40] INFO  o.e.m.c.i.embedder.EclipseLogger - Copying 0 resource
2017-06-22 18:35:39,266 [Worker-40] WARN  o.e.m.c.i.embedder.EclipseLogger - Using platform encoding (Cp1252 actually) to copy filtered resources, i.e. build is platform dependent!
2017-06-22 18:35:39,312 [Worker-40] INFO  o.e.m.c.i.embedder.EclipseLogger - Copying 0 resource
2017-06-22 18:37:27,370 [Worker-42] WARN  o.e.m.c.i.embedder.EclipseLogger - Using platform encoding (Cp1252 actually) to copy filtered resources, i.e. build is platform dependent!
2017-06-22 18:37:27,378 [Worker-42] INFO  o.e.m.c.i.embedder.EclipseLogger - Copying 0 resource
2017-06-22 18:37:27,380 [Worker-42] WARN  o.e.m.c.i.embedder.EclipseLogger - Using platform encoding (Cp1252 actually) to copy filtered resources, i.e. build is platform dependent!
2017-06-22 18:37:27,389 [Worker-42] INFO  o.e.m.c.i.embedder.EclipseLogger - Copying 0 resource
2017-06-22 18:38:34,165 [Worker-37] WARN  o.e.m.c.i.embedder.EclipseLogger - Using platform encoding (Cp1252 actually) to copy filtered resources, i.e. build is platform dependent!
2017-06-22 18:38:34,197 [Worker-37] INFO  o.e.m.c.i.embedder.EclipseLogger - Copying 0 resource
2017-06-22 18:38:34,204 [Worker-37] WARN  o.e.m.c.i.embedder.EclipseLogger - Using platform encoding (Cp1252 actually) to copy filtered resources, i.e. build is platform dependent!
2017-06-22 18:38:34,212 [Worker-37] INFO  o.e.m.c.i.embedder.EclipseLogger - Copying 0 resource
2017-06-22 18:38:37,632 [Worker-40] WARN  o.e.m.c.i.embedder.EclipseLogger - Using platform encoding (Cp1252 actually) to copy filtered resources, i.e. build is platform dependent!
2017-06-22 18:38:37,640 [Worker-40] INFO  o.e.m.c.i.embedder.EclipseLogger - Copying 0 resource
2017-06-22 18:38:37,642 [Worker-40] WARN  o.e.m.c.i.embedder.EclipseLogger - Using platform encoding (Cp1252 actually) to copy filtered resources, i.e. build is platform dependent!
2017-06-22 18:38:37,652 [Worker-40] INFO  o.e.m.c.i.embedder.EclipseLogger - Copying 0 resource
2017-06-22 18:43:39,502 [Worker-44] WARN  o.e.m.c.i.embedder.EclipseLogger - Using platform encoding (Cp1252 actually) to copy filtered resources, i.e. build is platform dependent!
2017-06-22 18:43:39,630 [Worker-44] INFO  o.e.m.c.i.embedder.EclipseLogger - Copying 0 resource
2017-06-22 18:43:39,644 [Worker-44] WARN  o.e.m.c.i.embedder.EclipseLogger - Using platform encoding (Cp1252 actually) to copy filtered resources, i.e. build is platform dependent!
2017-06-22 18:43:39,658 [Worker-44] INFO  o.e.m.c.i.embedder.EclipseLogger - Copying 0 resource
2017-06-23 18:12:23,799 [Worker-14] WARN  o.e.m.c.i.embedder.EclipseLogger - Using platform encoding (Cp1252 actually) to copy filtered resources, i.e. build is platform dependent!
2017-06-23 18:12:23,897 [Worker-14] INFO  o.e.m.c.i.embedder.EclipseLogger - Copying 0 resource
2017-06-23 18:12:23,916 [Worker-14] WARN  o.e.m.c.i.embedder.EclipseLogger - Using platform encoding (Cp1252 actually) to copy filtered resources, i.e. build is platform dependent!
2017-06-23 18:12:23,975 [Worker-14] INFO  o.e.m.c.i.embedder.EclipseLogger - Copying 0 resource
2017-06-23 18:12:34,831 [Worker-14] WARN  o.e.m.c.i.embedder.EclipseLogger - Using platform encoding (Cp1252 actually) to copy filtered resources, i.e. build is platform dependent!
2017-06-23 18:12:34,855 [Worker-14] INFO  o.e.m.c.i.embedder.EclipseLogger - Copying 0 resource
2017-06-23 18:12:34,867 [Worker-14] WARN  o.e.m.c.i.embedder.EclipseLogger - Using platform encoding (Cp1252 actually) to copy filtered resources, i.e. build is platform dependent!
2017-06-23 18:12:34,891 [Worker-14] INFO  o.e.m.c.i.embedder.EclipseLogger - Copying 0 resource
2017-06-23 18:13:21,321 [Worker-16] WARN  o.e.m.c.i.embedder.EclipseLogger - Using platform encoding (Cp1252 actually) to copy filtered resources, i.e. build is platform dependent!
2017-06-23 18:13:21,377 [Worker-16] INFO  o.e.m.c.i.embedder.EclipseLogger - Copying 0 resource
2017-06-23 18:13:21,381 [Worker-16] WARN  o.e.m.c.i.embedder.EclipseLogger - Using platform encoding (Cp1252 actually) to copy filtered resources, i.e. build is platform dependent!
2017-06-23 18:13:21,424 [Worker-16] INFO  o.e.m.c.i.embedder.EclipseLogger - Copying 0 resource
2017-06-23 18:14:06,314 [Worker-19] WARN  o.e.m.c.i.embedder.EclipseLogger - Using platform encoding (Cp1252 actually) to copy filtered resources, i.e. build is platform dependent!
2017-06-23 18:14:06,322 [Worker-19] INFO  o.e.m.c.i.embedder.EclipseLogger - Copying 0 resource
2017-06-23 18:14:06,323 [Worker-19] WARN  o.e.m.c.i.embedder.EclipseLogger - Using platform encoding (Cp1252 actually) to copy filtered resources, i.e. build is platform dependent!
2017-06-23 18:14:06,331 [Worker-19] INFO  o.e.m.c.i.embedder.EclipseLogger - Copying 0 resource
2017-06-23 18:16:01,851 [Worker-18] WARN  o.e.m.c.i.embedder.EclipseLogger - Using platform encoding (Cp1252 actually) to copy filtered resources, i.e. build is platform dependent!
2017-06-23 18:16:01,859 [Worker-18] INFO  o.e.m.c.i.embedder.EclipseLogger - Copying 0 resource
2017-06-23 18:16:01,861 [Worker-18] WARN  o.e.m.c.i.embedder.EclipseLogger - Using platform encoding (Cp1252 actually) to copy filtered resources, i.e. build is platform dependent!
2017-06-23 18:16:01,869 [Worker-18] INFO  o.e.m.c.i.embedder.EclipseLogger - Copying 0 resource
2017-06-23 18:16:32,181 [Worker-20] WARN  o.e.m.c.i.embedder.EclipseLogger - Using platform encoding (Cp1252 actually) to copy filtered resources, i.e. build is platform dependent!
2017-06-23 18:16:32,198 [Worker-20] INFO  o.e.m.c.i.embedder.EclipseLogger - Copying 0 resource
2017-06-23 18:16:32,205 [Worker-20] WARN  o.e.m.c.i.embedder.EclipseLogger - Using platform encoding (Cp1252 actually) to copy filtered resources, i.e. build is platform dependent!
2017-06-23 18:16:32,215 [Worker-20] INFO  o.e.m.c.i.embedder.EclipseLogger - Copying 0 resource
2017-06-23 18:17:36,211 [Worker-22] WARN  o.e.m.c.i.embedder.EclipseLogger - Using platform encoding (Cp1252 actually) to copy filtered resources, i.e. build is platform dependent!
2017-06-23 18:17:36,221 [Worker-22] INFO  o.e.m.c.i.embedder.EclipseLogger - Copying 0 resource
2017-06-23 18:17:36,222 [Worker-22] WARN  o.e.m.c.i.embedder.EclipseLogger - Using platform encoding (Cp1252 actually) to copy filtered resources, i.e. build is platform dependent!
2017-06-23 18:17:36,230 [Worker-22] INFO  o.e.m.c.i.embedder.EclipseLogger - Copying 0 resource
2017-06-23 18:20:33,617 [Worker-24] WARN  o.e.m.c.i.embedder.EclipseLogger - Using platform encoding (Cp1252 actually) to copy filtered resources, i.e. build is platform dependent!
2017-06-23 18:20:33,642 [Worker-24] INFO  o.e.m.c.i.embedder.EclipseLogger - Copying 0 resource
2017-06-23 18:20:33,658 [Worker-24] WARN  o.e.m.c.i.embedder.EclipseLogger - Using platform encoding (Cp1252 actually) to copy filtered resources, i.e. build is platform dependent!
2017-06-23 18:20:33,668 [Worker-24] INFO  o.e.m.c.i.embedder.EclipseLogger - Copying 0 resource
2017-06-23 18:22:06,557 [Worker-27] WARN  o.e.m.c.i.embedder.EclipseLogger - Using platform encoding (Cp1252 actually) to copy filtered resources, i.e. build is platform dependent!
2017-06-23 18:22:06,567 [Worker-27] INFO  o.e.m.c.i.embedder.EclipseLogger - Copying 0 resource
2017-06-23 18:22:06,568 [Worker-27] WARN  o.e.m.c.i.embedder.EclipseLogger - Using platform encoding (Cp1252 actually) to copy filtered resources, i.e. build is platform dependent!
2017-06-23 18:22:06,581 [Worker-27] INFO  o.e.m.c.i.embedder.EclipseLogger - Copying 0 resource
2017-06-23 18:22:49,183 [Worker-24] WARN  o.e.m.c.i.embedder.EclipseLogger - Using platform encoding (Cp1252 actually) to copy filtered resources, i.e. build is platform dependent!
2017-06-23 18:22:49,234 [Worker-24] INFO  o.e.m.c.i.embedder.EclipseLogger - Copying 0 resource
2017-06-23 18:22:49,257 [Worker-24] WARN  o.e.m.c.i.embedder.EclipseLogger - Using platform encoding (Cp1252 actually) to copy filtered resources, i.e. build is platform dependent!
2017-06-23 18:22:49,288 [Worker-24] INFO  o.e.m.c.i.embedder.EclipseLogger - Copying 0 resource
2017-06-23 18:23:10,314 [Worker-24] WARN  o.e.m.c.i.embedder.EclipseLogger - Using platform encoding (Cp1252 actually) to copy filtered resources, i.e. build is platform dependent!
2017-06-23 18:23:10,331 [Worker-24] INFO  o.e.m.c.i.embedder.EclipseLogger - Copying 0 resource
2017-06-23 18:23:10,333 [Worker-24] WARN  o.e.m.c.i.embedder.EclipseLogger - Using platform encoding (Cp1252 actually) to copy filtered resources, i.e. build is platform dependent!
2017-06-23 18:23:10,352 [Worker-24] INFO  o.e.m.c.i.embedder.EclipseLogger - Copying 0 resource
2017-06-23 18:24:31,999 [Worker-29] WARN  o.e.m.c.i.embedder.EclipseLogger - Using platform encoding (Cp1252 actually) to copy filtered resources, i.e. build is platform dependent!
2017-06-23 18:24:32,062 [Worker-29] INFO  o.e.m.c.i.embedder.EclipseLogger - Copying 0 resource
2017-06-23 18:24:32,070 [Worker-29] WARN  o.e.m.c.i.embedder.EclipseLogger - Using platform encoding (Cp1252 actually) to copy filtered resources, i.e. build is platform dependent!
2017-06-23 18:24:32,087 [Worker-29] INFO  o.e.m.c.i.embedder.EclipseLogger - Copying 0 resource
2017-06-23 18:25:25,472 [Worker-34] WARN  o.e.m.c.i.embedder.EclipseLogger - Using platform encoding (Cp1252 actually) to copy filtered resources, i.e. build is platform dependent!
2017-06-23 18:25:25,501 [Worker-34] INFO  o.e.m.c.i.embedder.EclipseLogger - Copying 0 resource
2017-06-23 18:25:25,504 [Worker-34] WARN  o.e.m.c.i.embedder.EclipseLogger - Using platform encoding (Cp1252 actually) to copy filtered resources, i.e. build is platform dependent!
2017-06-23 18:25:25,545 [Worker-34] INFO  o.e.m.c.i.embedder.EclipseLogger - Copying 0 resource
2017-06-23 18:33:06,977 [Worker-39] WARN  o.e.m.c.i.embedder.EclipseLogger - Using platform encoding (Cp1252 actually) to copy filtered resources, i.e. build is platform dependent!
2017-06-23 18:33:07,088 [Worker-39] INFO  o.e.m.c.i.embedder.EclipseLogger - Copying 0 resource
2017-06-23 18:33:07,099 [Worker-39] WARN  o.e.m.c.i.embedder.EclipseLogger - Using platform encoding (Cp1252 actually) to copy filtered resources, i.e. build is platform dependent!
2017-06-23 18:33:07,150 [Worker-39] INFO  o.e.m.c.i.embedder.EclipseLogger - Copying 0 resource
2017-06-23 18:33:53,963 [Worker-38] WARN  o.e.m.c.i.embedder.EclipseLogger - Using platform encoding (Cp1252 actually) to copy filtered resources, i.e. build is platform dependent!
2017-06-23 18:33:53,983 [Worker-38] INFO  o.e.m.c.i.embedder.EclipseLogger - Copying 0 resource
2017-06-23 18:33:53,984 [Worker-38] WARN  o.e.m.c.i.embedder.EclipseLogger - Using platform encoding (Cp1252 actually) to copy filtered resources, i.e. build is platform dependent!
2017-06-23 18:33:53,996 [Worker-38] INFO  o.e.m.c.i.embedder.EclipseLogger - Copying 0 resource
2017-06-23 18:34:30,762 [Worker-35] WARN  o.e.m.c.i.embedder.EclipseLogger - Using platform encoding (Cp1252 actually) to copy filtered resources, i.e. build is platform dependent!
2017-06-23 18:34:30,788 [Worker-35] INFO  o.e.m.c.i.embedder.EclipseLogger - Copying 0 resource
2017-06-23 18:34:30,803 [Worker-35] WARN  o.e.m.c.i.embedder.EclipseLogger - Using platform encoding (Cp1252 actually) to copy filtered resources, i.e. build is platform dependent!
2017-06-23 18:34:30,823 [Worker-35] INFO  o.e.m.c.i.embedder.EclipseLogger - Copying 0 resource
2017-06-23 18:35:48,780 [Worker-38] WARN  o.e.m.c.i.embedder.EclipseLogger - Using platform encoding (Cp1252 actually) to copy filtered resources, i.e. build is platform dependent!
2017-06-23 18:35:48,891 [Worker-38] INFO  o.e.m.c.i.embedder.EclipseLogger - Copying 0 resource
2017-06-23 18:35:48,893 [Worker-38] WARN  o.e.m.c.i.embedder.EclipseLogger - Using platform encoding (Cp1252 actually) to copy filtered resources, i.e. build is platform dependent!
2017-06-23 18:35:48,943 [Worker-38] INFO  o.e.m.c.i.embedder.EclipseLogger - Copying 0 resource
2017-06-23 18:36:27,434 [Worker-35] WARN  o.e.m.c.i.embedder.EclipseLogger - Using platform encoding (Cp1252 actually) to copy filtered resources, i.e. build is platform dependent!
2017-06-23 18:36:27,453 [Worker-35] INFO  o.e.m.c.i.embedder.EclipseLogger - Copying 0 resource
2017-06-23 18:36:27,461 [Worker-35] WARN  o.e.m.c.i.embedder.EclipseLogger - Using platform encoding (Cp1252 actually) to copy filtered resources, i.e. build is platform dependent!
2017-06-23 18:36:27,476 [Worker-35] INFO  o.e.m.c.i.embedder.EclipseLogger - Copying 0 resource
2017-06-23 18:37:44,516 [Worker-35] WARN  o.e.m.c.i.embedder.EclipseLogger - Using platform encoding (Cp1252 actually) to copy filtered resources, i.e. build is platform dependent!
2017-06-23 18:37:44,538 [Worker-35] INFO  o.e.m.c.i.embedder.EclipseLogger - Copying 0 resource
2017-06-23 18:37:44,543 [Worker-35] WARN  o.e.m.c.i.embedder.EclipseLogger - Using platform encoding (Cp1252 actually) to copy filtered resources, i.e. build is platform dependent!
2017-06-23 18:37:44,584 [Worker-35] INFO  o.e.m.c.i.embedder.EclipseLogger - Copying 0 resource
2017-06-23 18:38:20,192 [Worker-39] WARN  o.e.m.c.i.embedder.EclipseLogger - Using platform encoding (Cp1252 actually) to copy filtered resources, i.e. build is platform dependent!
2017-06-23 18:38:20,213 [Worker-39] INFO  o.e.m.c.i.embedder.EclipseLogger - Copying 0 resource
2017-06-23 18:38:20,223 [Worker-39] WARN  o.e.m.c.i.embedder.EclipseLogger - Using platform encoding (Cp1252 actually) to copy filtered resources, i.e. build is platform dependent!
2017-06-23 18:38:20,234 [Worker-39] INFO  o.e.m.c.i.embedder.EclipseLogger - Copying 0 resource
2017-06-23 18:39:17,597 [Worker-39] WARN  o.e.m.c.i.embedder.EclipseLogger - Using platform encoding (Cp1252 actually) to copy filtered resources, i.e. build is platform dependent!
2017-06-23 18:39:17,616 [Worker-39] INFO  o.e.m.c.i.embedder.EclipseLogger - Copying 0 resource
2017-06-23 18:39:17,618 [Worker-39] WARN  o.e.m.c.i.embedder.EclipseLogger - Using platform encoding (Cp1252 actually) to copy filtered resources, i.e. build is platform dependent!
2017-06-23 18:39:17,630 [Worker-39] INFO  o.e.m.c.i.embedder.EclipseLogger - Copying 0 resource
2017-06-23 18:40:35,627 [Worker-34] WARN  o.e.m.c.i.embedder.EclipseLogger - Using platform encoding (Cp1252 actually) to copy filtered resources, i.e. build is platform dependent!
2017-06-23 18:40:35,647 [Worker-34] INFO  o.e.m.c.i.embedder.EclipseLogger - Copying 0 resource
2017-06-23 18:40:35,662 [Worker-34] WARN  o.e.m.c.i.embedder.EclipseLogger - Using platform encoding (Cp1252 actually) to copy filtered resources, i.e. build is platform dependent!
2017-06-23 18:40:35,674 [Worker-34] INFO  o.e.m.c.i.embedder.EclipseLogger - Copying 0 resource
2017-06-23 18:41:05,418 [Worker-34] WARN  o.e.m.c.i.embedder.EclipseLogger - Using platform encoding (Cp1252 actually) to copy filtered resources, i.e. build is platform dependent!
2017-06-23 18:41:05,429 [Worker-34] INFO  o.e.m.c.i.embedder.EclipseLogger - Copying 0 resource
2017-06-23 18:41:05,430 [Worker-34] WARN  o.e.m.c.i.embedder.EclipseLogger - Using platform encoding (Cp1252 actually) to copy filtered resources, i.e. build is platform dependent!
2017-06-23 18:41:05,437 [Worker-34] INFO  o.e.m.c.i.embedder.EclipseLogger - Copying 0 resource
2017-06-23 18:42:33,354 [Worker-34] WARN  o.e.m.c.i.embedder.EclipseLogger - Using platform encoding (Cp1252 actually) to copy filtered resources, i.e. build is platform dependent!
2017-06-23 18:42:33,387 [Worker-34] INFO  o.e.m.c.i.embedder.EclipseLogger - Copying 0 resource
2017-06-23 18:42:33,397 [Worker-34] WARN  o.e.m.c.i.embedder.EclipseLogger - Using platform encoding (Cp1252 actually) to copy filtered resources, i.e. build is platform dependent!
2017-06-23 18:42:33,409 [Worker-34] INFO  o.e.m.c.i.embedder.EclipseLogger - Copying 0 resource
2017-06-23 18:43:18,925 [Worker-38] WARN  o.e.m.c.i.embedder.EclipseLogger - Using platform encoding (Cp1252 actually) to copy filtered resources, i.e. build is platform dependent!
2017-06-23 18:43:18,934 [Worker-38] INFO  o.e.m.c.i.embedder.EclipseLogger - Copying 0 resource
2017-06-23 18:43:18,936 [Worker-38] WARN  o.e.m.c.i.embedder.EclipseLogger - Using platform encoding (Cp1252 actually) to copy filtered resources, i.e. build is platform dependent!
2017-06-23 18:43:18,947 [Worker-38] INFO  o.e.m.c.i.embedder.EclipseLogger - Copying 0 resource
2017-06-23 18:43:55,451 [Worker-41] WARN  o.e.m.c.i.embedder.EclipseLogger - Using platform encoding (Cp1252 actually) to copy filtered resources, i.e. build is platform dependent!
2017-06-23 18:43:55,475 [Worker-41] INFO  o.e.m.c.i.embedder.EclipseLogger - Copying 0 resource
2017-06-23 18:43:55,485 [Worker-41] WARN  o.e.m.c.i.embedder.EclipseLogger - Using platform encoding (Cp1252 actually) to copy filtered resources, i.e. build is platform dependent!
2017-06-23 18:43:55,494 [Worker-41] INFO  o.e.m.c.i.embedder.EclipseLogger - Copying 0 resource
2017-06-23 18:44:14,508 [Worker-40] WARN  o.e.m.c.i.embedder.EclipseLogger - Using platform encoding (Cp1252 actually) to copy filtered resources, i.e. build is platform dependent!
2017-06-23 18:44:14,525 [Worker-40] INFO  o.e.m.c.i.embedder.EclipseLogger - Copying 0 resource
2017-06-23 18:44:14,527 [Worker-40] WARN  o.e.m.c.i.embedder.EclipseLogger - Using platform encoding (Cp1252 actually) to copy filtered resources, i.e. build is platform dependent!
2017-06-23 18:44:14,547 [Worker-40] INFO  o.e.m.c.i.embedder.EclipseLogger - Copying 0 resource
2017-06-23 18:46:01,904 [Worker-35] WARN  o.e.m.c.i.embedder.EclipseLogger - Using platform encoding (Cp1252 actually) to copy filtered resources, i.e. build is platform dependent!
2017-06-23 18:46:01,989 [Worker-35] INFO  o.e.m.c.i.embedder.EclipseLogger - Copying 0 resource
2017-06-23 18:46:01,998 [Worker-35] WARN  o.e.m.c.i.embedder.EclipseLogger - Using platform encoding (Cp1252 actually) to copy filtered resources, i.e. build is platform dependent!
2017-06-23 18:46:02,005 [Worker-35] INFO  o.e.m.c.i.embedder.EclipseLogger - Copying 0 resource
2017-06-23 18:46:20,276 [Worker-34] WARN  o.e.m.c.i.embedder.EclipseLogger - Using platform encoding (Cp1252 actually) to copy filtered resources, i.e. build is platform dependent!
2017-06-23 18:46:20,284 [Worker-34] INFO  o.e.m.c.i.embedder.EclipseLogger - Copying 0 resource
2017-06-23 18:46:20,287 [Worker-34] WARN  o.e.m.c.i.embedder.EclipseLogger - Using platform encoding (Cp1252 actually) to copy filtered resources, i.e. build is platform dependent!
2017-06-23 18:46:20,297 [Worker-34] INFO  o.e.m.c.i.embedder.EclipseLogger - Copying 0 resource
2017-06-23 18:47:31,474 [Worker-34] WARN  o.e.m.c.i.embedder.EclipseLogger - Using platform encoding (Cp1252 actually) to copy filtered resources, i.e. build is platform dependent!
2017-06-23 18:47:31,494 [Worker-34] INFO  o.e.m.c.i.embedder.EclipseLogger - Copying 0 resource
2017-06-23 18:47:31,530 [Worker-34] WARN  o.e.m.c.i.embedder.EclipseLogger - Using platform encoding (Cp1252 actually) to copy filtered resources, i.e. build is platform dependent!
2017-06-23 18:47:31,546 [Worker-34] INFO  o.e.m.c.i.embedder.EclipseLogger - Copying 0 resource
2017-06-23 18:47:48,106 [Worker-38] WARN  o.e.m.c.i.embedder.EclipseLogger - Using platform encoding (Cp1252 actually) to copy filtered resources, i.e. build is platform dependent!
2017-06-23 18:47:48,119 [Worker-38] INFO  o.e.m.c.i.embedder.EclipseLogger - Copying 0 resource
2017-06-23 18:47:48,121 [Worker-38] WARN  o.e.m.c.i.embedder.EclipseLogger - Using platform encoding (Cp1252 actually) to copy filtered resources, i.e. build is platform dependent!
2017-06-23 18:47:48,139 [Worker-38] INFO  o.e.m.c.i.embedder.EclipseLogger - Copying 0 resource
2017-06-23 18:47:56,492 [Worker-34] WARN  o.e.m.c.i.embedder.EclipseLogger - Using platform encoding (Cp1252 actually) to copy filtered resources, i.e. build is platform dependent!
2017-06-23 18:47:56,508 [Worker-34] INFO  o.e.m.c.i.embedder.EclipseLogger - Copying 0 resource
2017-06-23 18:47:56,518 [Worker-34] WARN  o.e.m.c.i.embedder.EclipseLogger - Using platform encoding (Cp1252 actually) to copy filtered resources, i.e. build is platform dependent!
2017-06-23 18:47:56,526 [Worker-34] INFO  o.e.m.c.i.embedder.EclipseLogger - Copying 0 resource
2017-06-23 18:48:08,017 [Worker-41] WARN  o.e.m.c.i.embedder.EclipseLogger - Using platform encoding (Cp1252 actually) to copy filtered resources, i.e. build is platform dependent!
2017-06-23 18:48:08,025 [Worker-41] INFO  o.e.m.c.i.embedder.EclipseLogger - Copying 0 resource
2017-06-23 18:48:08,027 [Worker-41] WARN  o.e.m.c.i.embedder.EclipseLogger - Using platform encoding (Cp1252 actually) to copy filtered resources, i.e. build is platform dependent!
2017-06-23 18:48:08,034 [Worker-41] INFO  o.e.m.c.i.embedder.EclipseLogger - Copying 0 resource
2017-06-23 18:49:07,269 [Worker-35] WARN  o.e.m.c.i.embedder.EclipseLogger - Using platform encoding (Cp1252 actually) to copy filtered resources, i.e. build is platform dependent!
2017-06-23 18:49:07,286 [Worker-35] INFO  o.e.m.c.i.embedder.EclipseLogger - Copying 0 resource
2017-06-23 18:49:07,294 [Worker-35] WARN  o.e.m.c.i.embedder.EclipseLogger - Using platform encoding (Cp1252 actually) to copy filtered resources, i.e. build is platform dependent!
2017-06-23 18:49:07,301 [Worker-35] INFO  o.e.m.c.i.embedder.EclipseLogger - Copying 0 resource
2017-06-23 18:50:11,165 [Worker-35] WARN  o.e.m.c.i.embedder.EclipseLogger - Using platform encoding (Cp1252 actually) to copy filtered resources, i.e. build is platform dependent!
2017-06-23 18:50:11,189 [Worker-35] INFO  o.e.m.c.i.embedder.EclipseLogger - Copying 0 resource
2017-06-23 18:50:11,190 [Worker-35] WARN  o.e.m.c.i.embedder.EclipseLogger - Using platform encoding (Cp1252 actually) to copy filtered resources, i.e. build is platform dependent!
2017-06-23 18:50:11,200 [Worker-35] INFO  o.e.m.c.i.embedder.EclipseLogger - Copying 0 resource
2017-06-23 18:54:54,009 [Worker-38] WARN  o.e.m.c.i.embedder.EclipseLogger - Using platform encoding (Cp1252 actually) to copy filtered resources, i.e. build is platform dependent!
2017-06-23 18:54:54,050 [Worker-38] INFO  o.e.m.c.i.embedder.EclipseLogger - Copying 0 resource
2017-06-23 18:54:54,059 [Worker-38] WARN  o.e.m.c.i.embedder.EclipseLogger - Using platform encoding (Cp1252 actually) to copy filtered resources, i.e. build is platform dependent!
2017-06-23 18:54:54,071 [Worker-38] INFO  o.e.m.c.i.embedder.EclipseLogger - Copying 0 resource
2017-06-23 18:55:17,179 [Worker-38] WARN  o.e.m.c.i.embedder.EclipseLogger - Using platform encoding (Cp1252 actually) to copy filtered resources, i.e. build is platform dependent!
2017-06-23 18:55:17,218 [Worker-38] INFO  o.e.m.c.i.embedder.EclipseLogger - Copying 0 resource
2017-06-23 18:55:17,219 [Worker-38] WARN  o.e.m.c.i.embedder.EclipseLogger - Using platform encoding (Cp1252 actually) to copy filtered resources, i.e. build is platform dependent!
2017-06-23 18:55:17,226 [Worker-38] INFO  o.e.m.c.i.embedder.EclipseLogger - Copying 0 resource
2017-06-23 18:55:22,626 [Worker-43] WARN  o.e.m.c.i.embedder.EclipseLogger - Using platform encoding (Cp1252 actually) to copy filtered resources, i.e. build is platform dependent!
2017-06-23 18:55:22,642 [Worker-43] INFO  o.e.m.c.i.embedder.EclipseLogger - Copying 0 resource
2017-06-23 18:55:22,650 [Worker-43] WARN  o.e.m.c.i.embedder.EclipseLogger - Using platform encoding (Cp1252 actually) to copy filtered resources, i.e. build is platform dependent!
2017-06-23 18:55:22,661 [Worker-43] INFO  o.e.m.c.i.embedder.EclipseLogger - Copying 0 resource
2017-06-23 18:56:10,431 [Worker-43] WARN  o.e.m.c.i.embedder.EclipseLogger - Using platform encoding (Cp1252 actually) to copy filtered resources, i.e. build is platform dependent!
2017-06-23 18:56:10,445 [Worker-43] INFO  o.e.m.c.i.embedder.EclipseLogger - Copying 0 resource
2017-06-23 18:56:10,447 [Worker-43] WARN  o.e.m.c.i.embedder.EclipseLogger - Using platform encoding (Cp1252 actually) to copy filtered resources, i.e. build is platform dependent!
2017-06-23 18:56:10,454 [Worker-43] INFO  o.e.m.c.i.embedder.EclipseLogger - Copying 0 resource
2017-06-23 18:56:16,806 [Worker-42] WARN  o.e.m.c.i.embedder.EclipseLogger - Using platform encoding (Cp1252 actually) to copy filtered resources, i.e. build is platform dependent!
2017-06-23 18:56:16,883 [Worker-42] INFO  o.e.m.c.i.embedder.EclipseLogger - Copying 0 resource
2017-06-23 18:56:16,918 [Worker-42] WARN  o.e.m.c.i.embedder.EclipseLogger - Using platform encoding (Cp1252 actually) to copy filtered resources, i.e. build is platform dependent!
2017-06-23 18:56:16,928 [Worker-42] INFO  o.e.m.c.i.embedder.EclipseLogger - Copying 0 resource
2017-06-23 18:58:33,276 [Worker-42] WARN  o.e.m.c.i.embedder.EclipseLogger - Using platform encoding (Cp1252 actually) to copy filtered resources, i.e. build is platform dependent!
2017-06-23 18:58:33,312 [Worker-42] INFO  o.e.m.c.i.embedder.EclipseLogger - Copying 0 resource
2017-06-23 18:58:33,313 [Worker-42] WARN  o.e.m.c.i.embedder.EclipseLogger - Using platform encoding (Cp1252 actually) to copy filtered resources, i.e. build is platform dependent!
2017-06-23 18:58:33,342 [Worker-42] INFO  o.e.m.c.i.embedder.EclipseLogger - Copying 0 resource
2017-06-23 18:59:11,914 [Worker-43] WARN  o.e.m.c.i.embedder.EclipseLogger - Using platform encoding (Cp1252 actually) to copy filtered resources, i.e. build is platform dependent!
2017-06-23 18:59:11,944 [Worker-43] INFO  o.e.m.c.i.embedder.EclipseLogger - Copying 0 resource
2017-06-23 18:59:11,956 [Worker-43] WARN  o.e.m.c.i.embedder.EclipseLogger - Using platform encoding (Cp1252 actually) to copy filtered resources, i.e. build is platform dependent!
2017-06-23 18:59:11,965 [Worker-43] INFO  o.e.m.c.i.embedder.EclipseLogger - Copying 0 resource
2017-06-23 18:59:30,083 [Worker-42] WARN  o.e.m.c.i.embedder.EclipseLogger - Using platform encoding (Cp1252 actually) to copy filtered resources, i.e. build is platform dependent!
2017-06-23 18:59:30,104 [Worker-42] INFO  o.e.m.c.i.embedder.EclipseLogger - Copying 0 resource
2017-06-23 18:59:30,105 [Worker-42] WARN  o.e.m.c.i.embedder.EclipseLogger - Using platform encoding (Cp1252 actually) to copy filtered resources, i.e. build is platform dependent!
2017-06-23 18:59:30,119 [Worker-42] INFO  o.e.m.c.i.embedder.EclipseLogger - Copying 0 resource
2017-06-23 19:01:08,400 [Worker-45] WARN  o.e.m.c.i.embedder.EclipseLogger - Using platform encoding (Cp1252 actually) to copy filtered resources, i.e. build is platform dependent!
2017-06-23 19:01:08,424 [Worker-45] INFO  o.e.m.c.i.embedder.EclipseLogger - Copying 0 resource
2017-06-23 19:01:08,431 [Worker-45] WARN  o.e.m.c.i.embedder.EclipseLogger - Using platform encoding (Cp1252 actually) to copy filtered resources, i.e. build is platform dependent!
2017-06-23 19:01:08,438 [Worker-45] INFO  o.e.m.c.i.embedder.EclipseLogger - Copying 0 resource
2017-06-23 19:02:15,472 [Worker-42] WARN  o.e.m.c.i.embedder.EclipseLogger - Using platform encoding (Cp1252 actually) to copy filtered resources, i.e. build is platform dependent!
2017-06-23 19:02:15,483 [Worker-42] INFO  o.e.m.c.i.embedder.EclipseLogger - Copying 0 resource
2017-06-23 19:02:15,485 [Worker-42] WARN  o.e.m.c.i.embedder.EclipseLogger - Using platform encoding (Cp1252 actually) to copy filtered resources, i.e. build is platform dependent!
2017-06-23 19:02:15,492 [Worker-42] INFO  o.e.m.c.i.embedder.EclipseLogger - Copying 0 resource
2017-06-23 19:02:42,967 [Worker-43] WARN  o.e.m.c.i.embedder.EclipseLogger - Using platform encoding (Cp1252 actually) to copy filtered resources, i.e. build is platform dependent!
2017-06-23 19:02:42,980 [Worker-43] INFO  o.e.m.c.i.embedder.EclipseLogger - Copying 0 resource
2017-06-23 19:02:42,987 [Worker-43] WARN  o.e.m.c.i.embedder.EclipseLogger - Using platform encoding (Cp1252 actually) to copy filtered resources, i.e. build is platform dependent!
2017-06-23 19:02:42,994 [Worker-43] INFO  o.e.m.c.i.embedder.EclipseLogger - Copying 0 resource
2017-06-25 21:17:25,286 [Worker-7] WARN  o.e.m.c.i.embedder.EclipseLogger - Using platform encoding (Cp1252 actually) to copy filtered resources, i.e. build is platform dependent!
2017-06-25 21:17:25,362 [Worker-7] INFO  o.e.m.c.i.embedder.EclipseLogger - Copying 0 resource
2017-06-25 21:17:25,369 [Worker-7] WARN  o.e.m.c.i.embedder.EclipseLogger - Using platform encoding (Cp1252 actually) to copy filtered resources, i.e. build is platform dependent!
2017-06-25 21:17:25,387 [Worker-7] INFO  o.e.m.c.i.embedder.EclipseLogger - Copying 0 resource
2017-06-25 21:17:28,598 [Worker-8] WARN  o.e.m.c.i.embedder.EclipseLogger - Using platform encoding (Cp1252 actually) to copy filtered resources, i.e. build is platform dependent!
2017-06-25 21:17:28,647 [Worker-8] INFO  o.e.m.c.i.embedder.EclipseLogger - Copying 0 resource
2017-06-25 21:17:28,649 [Worker-8] WARN  o.e.m.c.i.embedder.EclipseLogger - Using platform encoding (Cp1252 actually) to copy filtered resources, i.e. build is platform dependent!
2017-06-25 21:17:28,690 [Worker-8] INFO  o.e.m.c.i.embedder.EclipseLogger - Copying 0 resource
2017-06-26 15:58:48,319 [Worker-139] WARN  o.e.m.c.i.embedder.EclipseLogger - Using platform encoding (Cp1252 actually) to copy filtered resources, i.e. build is platform dependent!
2017-06-26 15:58:48,381 [Worker-139] INFO  o.e.m.c.i.embedder.EclipseLogger - Copying 0 resource
2017-06-26 15:58:48,383 [Worker-139] WARN  o.e.m.c.i.embedder.EclipseLogger - Using platform encoding (Cp1252 actually) to copy filtered resources, i.e. build is platform dependent!
2017-06-26 15:58:48,396 [Worker-139] INFO  o.e.m.c.i.embedder.EclipseLogger - Copying 0 resource
2017-06-26 16:04:56,561 [Worker-147] WARN  o.e.m.c.i.embedder.EclipseLogger - Using platform encoding (Cp1252 actually) to copy filtered resources, i.e. build is platform dependent!
2017-06-26 16:04:56,606 [Worker-147] INFO  o.e.m.c.i.embedder.EclipseLogger - Copying 0 resource
2017-06-26 16:04:56,608 [Worker-147] WARN  o.e.m.c.i.embedder.EclipseLogger - Using platform encoding (Cp1252 actually) to copy filtered resources, i.e. build is platform dependent!
2017-06-26 16:04:56,621 [Worker-147] INFO  o.e.m.c.i.embedder.EclipseLogger - Copying 0 resource
2017-06-26 16:05:23,062 [Worker-147] WARN  o.e.m.c.i.embedder.EclipseLogger - Using platform encoding (Cp1252 actually) to copy filtered resources, i.e. build is platform dependent!
2017-06-26 16:05:23,082 [Worker-147] INFO  o.e.m.c.i.embedder.EclipseLogger - Copying 0 resource
2017-06-26 16:05:23,084 [Worker-147] WARN  o.e.m.c.i.embedder.EclipseLogger - Using platform encoding (Cp1252 actually) to copy filtered resources, i.e. build is platform dependent!
2017-06-26 16:05:23,098 [Worker-147] INFO  o.e.m.c.i.embedder.EclipseLogger - Copying 0 resource
2017-06-26 16:08:52,463 [Worker-154] WARN  o.e.m.c.i.embedder.EclipseLogger - Using platform encoding (Cp1252 actually) to copy filtered resources, i.e. build is platform dependent!
2017-06-26 16:08:52,539 [Worker-154] INFO  o.e.m.c.i.embedder.EclipseLogger - Copying 0 resource
2017-06-26 16:08:52,549 [Worker-154] WARN  o.e.m.c.i.embedder.EclipseLogger - Using platform encoding (Cp1252 actually) to copy filtered resources, i.e. build is platform dependent!
2017-06-26 16:08:52,557 [Worker-154] INFO  o.e.m.c.i.embedder.EclipseLogger - Copying 0 resource
2017-06-26 16:09:27,156 [Worker-154] WARN  o.e.m.c.i.embedder.EclipseLogger - Using platform encoding (Cp1252 actually) to copy filtered resources, i.e. build is platform dependent!
2017-06-26 16:09:27,166 [Worker-154] INFO  o.e.m.c.i.embedder.EclipseLogger - Copying 0 resource
2017-06-26 16:09:27,170 [Worker-154] WARN  o.e.m.c.i.embedder.EclipseLogger - Using platform encoding (Cp1252 actually) to copy filtered resources, i.e. build is platform dependent!
2017-06-26 16:09:27,183 [Worker-154] INFO  o.e.m.c.i.embedder.EclipseLogger - Copying 0 resource
2017-06-26 16:09:32,595 [Worker-154] WARN  o.e.m.c.i.embedder.EclipseLogger - Using platform encoding (Cp1252 actually) to copy filtered resources, i.e. build is platform dependent!
2017-06-26 16:09:32,685 [Worker-154] INFO  o.e.m.c.i.embedder.EclipseLogger - Copying 0 resource
2017-06-26 16:09:32,693 [Worker-154] WARN  o.e.m.c.i.embedder.EclipseLogger - Using platform encoding (Cp1252 actually) to copy filtered resources, i.e. build is platform dependent!
2017-06-26 16:09:32,724 [Worker-154] INFO  o.e.m.c.i.embedder.EclipseLogger - Copying 0 resource
2017-06-26 16:11:08,548 [Worker-152] WARN  o.e.m.c.i.embedder.EclipseLogger - Using platform encoding (Cp1252 actually) to copy filtered resources, i.e. build is platform dependent!
2017-06-26 16:11:08,592 [Worker-152] INFO  o.e.m.c.i.embedder.EclipseLogger - Copying 0 resource
2017-06-26 16:11:08,596 [Worker-152] WARN  o.e.m.c.i.embedder.EclipseLogger - Using platform encoding (Cp1252 actually) to copy filtered resources, i.e. build is platform dependent!
2017-06-26 16:11:08,612 [Worker-152] INFO  o.e.m.c.i.embedder.EclipseLogger - Copying 0 resource
2017-06-26 16:14:29,343 [Worker-154] WARN  o.e.m.c.i.embedder.EclipseLogger - Using platform encoding (Cp1252 actually) to copy filtered resources, i.e. build is platform dependent!
2017-06-26 16:14:29,485 [Worker-154] INFO  o.e.m.c.i.embedder.EclipseLogger - Copying 0 resource
2017-06-26 16:14:29,499 [Worker-154] WARN  o.e.m.c.i.embedder.EclipseLogger - Using platform encoding (Cp1252 actually) to copy filtered resources, i.e. build is platform dependent!
2017-06-26 16:14:29,519 [Worker-154] INFO  o.e.m.c.i.embedder.EclipseLogger - Copying 0 resource
2017-06-26 16:15:47,432 [Worker-155] WARN  o.e.m.c.i.embedder.EclipseLogger - Using platform encoding (Cp1252 actually) to copy filtered resources, i.e. build is platform dependent!
2017-06-26 16:15:47,628 [Worker-155] INFO  o.e.m.c.i.embedder.EclipseLogger - Copying 0 resource
2017-06-26 16:15:47,632 [Worker-155] WARN  o.e.m.c.i.embedder.EclipseLogger - Using platform encoding (Cp1252 actually) to copy filtered resources, i.e. build is platform dependent!
2017-06-26 16:15:47,859 [Worker-155] INFO  o.e.m.c.i.embedder.EclipseLogger - Copying 0 resource
2017-06-26 16:17:30,079 [Worker-158] WARN  o.e.m.c.i.embedder.EclipseLogger - Using platform encoding (Cp1252 actually) to copy filtered resources, i.e. build is platform dependent!
2017-06-26 16:17:30,171 [Worker-158] INFO  o.e.m.c.i.embedder.EclipseLogger - Copying 0 resource
2017-06-26 16:17:30,183 [Worker-158] WARN  o.e.m.c.i.embedder.EclipseLogger - Using platform encoding (Cp1252 actually) to copy filtered resources, i.e. build is platform dependent!
2017-06-26 16:17:30,192 [Worker-158] INFO  o.e.m.c.i.embedder.EclipseLogger - Copying 0 resource
2017-06-26 16:17:55,402 [Worker-158] WARN  o.e.m.c.i.embedder.EclipseLogger - Using platform encoding (Cp1252 actually) to copy filtered resources, i.e. build is platform dependent!
2017-06-26 16:17:55,433 [Worker-158] INFO  o.e.m.c.i.embedder.EclipseLogger - Copying 0 resource
2017-06-26 16:17:55,439 [Worker-158] WARN  o.e.m.c.i.embedder.EclipseLogger - Using platform encoding (Cp1252 actually) to copy filtered resources, i.e. build is platform dependent!
2017-06-26 16:17:55,455 [Worker-158] INFO  o.e.m.c.i.embedder.EclipseLogger - Copying 0 resource
2017-06-26 16:20:09,959 [Worker-160] WARN  o.e.m.c.i.embedder.EclipseLogger - Using platform encoding (Cp1252 actually) to copy filtered resources, i.e. build is platform dependent!
2017-06-26 16:20:10,055 [Worker-160] INFO  o.e.m.c.i.embedder.EclipseLogger - Copying 0 resource
2017-06-26 16:20:10,075 [Worker-160] WARN  o.e.m.c.i.embedder.EclipseLogger - Using platform encoding (Cp1252 actually) to copy filtered resources, i.e. build is platform dependent!
2017-06-26 16:20:10,140 [Worker-160] INFO  o.e.m.c.i.embedder.EclipseLogger - Copying 0 resource
2017-06-26 16:20:33,601 [Worker-161] WARN  o.e.m.c.i.embedder.EclipseLogger - Using platform encoding (Cp1252 actually) to copy filtered resources, i.e. build is platform dependent!
2017-06-26 16:20:33,773 [Worker-161] INFO  o.e.m.c.i.embedder.EclipseLogger - Copying 0 resource
2017-06-26 16:20:33,777 [Worker-161] WARN  o.e.m.c.i.embedder.EclipseLogger - Using platform encoding (Cp1252 actually) to copy filtered resources, i.e. build is platform dependent!
2017-06-26 16:20:33,794 [Worker-161] INFO  o.e.m.c.i.embedder.EclipseLogger - Copying 0 resource
2017-06-26 16:20:57,845 [Worker-161] WARN  o.e.m.c.i.embedder.EclipseLogger - Using platform encoding (Cp1252 actually) to copy filtered resources, i.e. build is platform dependent!
2017-06-26 16:20:57,926 [Worker-161] INFO  o.e.m.c.i.embedder.EclipseLogger - Copying 0 resource
2017-06-26 16:20:57,935 [Worker-161] WARN  o.e.m.c.i.embedder.EclipseLogger - Using platform encoding (Cp1252 actually) to copy filtered resources, i.e. build is platform dependent!
2017-06-26 16:20:57,942 [Worker-161] INFO  o.e.m.c.i.embedder.EclipseLogger - Copying 0 resource
2017-06-26 16:21:00,320 [Worker-162] WARN  o.e.m.c.i.embedder.EclipseLogger - Using platform encoding (Cp1252 actually) to copy filtered resources, i.e. build is platform dependent!
2017-06-26 16:21:00,335 [Worker-162] INFO  o.e.m.c.i.embedder.EclipseLogger - Copying 0 resource
2017-06-26 16:21:00,336 [Worker-162] WARN  o.e.m.c.i.embedder.EclipseLogger - Using platform encoding (Cp1252 actually) to copy filtered resources, i.e. build is platform dependent!
2017-06-26 16:21:00,349 [Worker-162] INFO  o.e.m.c.i.embedder.EclipseLogger - Copying 0 resource
2017-06-26 16:21:42,853 [Worker-155] WARN  o.e.m.c.i.embedder.EclipseLogger - Using platform encoding (Cp1252 actually) to copy filtered resources, i.e. build is platform dependent!
2017-06-26 16:21:42,912 [Worker-155] INFO  o.e.m.c.i.embedder.EclipseLogger - Copying 0 resource
2017-06-26 16:21:42,922 [Worker-155] WARN  o.e.m.c.i.embedder.EclipseLogger - Using platform encoding (Cp1252 actually) to copy filtered resources, i.e. build is platform dependent!
2017-06-26 16:21:42,930 [Worker-155] INFO  o.e.m.c.i.embedder.EclipseLogger - Copying 0 resource
2017-06-26 16:22:19,158 [Worker-161] WARN  o.e.m.c.i.embedder.EclipseLogger - Using platform encoding (Cp1252 actually) to copy filtered resources, i.e. build is platform dependent!
2017-06-26 16:22:19,165 [Worker-161] INFO  o.e.m.c.i.embedder.EclipseLogger - Copying 0 resource
2017-06-26 16:22:19,168 [Worker-161] WARN  o.e.m.c.i.embedder.EclipseLogger - Using platform encoding (Cp1252 actually) to copy filtered resources, i.e. build is platform dependent!
2017-06-26 16:22:19,183 [Worker-161] INFO  o.e.m.c.i.embedder.EclipseLogger - Copying 0 resource
2017-06-26 16:25:57,662 [Worker-160] WARN  o.e.m.c.i.embedder.EclipseLogger - Using platform encoding (Cp1252 actually) to copy filtered resources, i.e. build is platform dependent!
2017-06-26 16:25:57,722 [Worker-160] INFO  o.e.m.c.i.embedder.EclipseLogger - Copying 0 resource
2017-06-26 16:25:57,730 [Worker-160] WARN  o.e.m.c.i.embedder.EclipseLogger - Using platform encoding (Cp1252 actually) to copy filtered resources, i.e. build is platform dependent!
2017-06-26 16:25:57,741 [Worker-160] INFO  o.e.m.c.i.embedder.EclipseLogger - Copying 0 resource
2017-06-26 16:27:51,127 [Worker-164] WARN  o.e.m.c.i.embedder.EclipseLogger - Using platform encoding (Cp1252 actually) to copy filtered resources, i.e. build is platform dependent!
2017-06-26 16:27:51,164 [Worker-164] INFO  o.e.m.c.i.embedder.EclipseLogger - Copying 0 resource
2017-06-26 16:27:51,165 [Worker-164] WARN  o.e.m.c.i.embedder.EclipseLogger - Using platform encoding (Cp1252 actually) to copy filtered resources, i.e. build is platform dependent!
2017-06-26 16:27:51,172 [Worker-164] INFO  o.e.m.c.i.embedder.EclipseLogger - Copying 0 resource
2017-06-26 16:27:59,529 [Worker-166] WARN  o.e.m.c.i.embedder.EclipseLogger - Using platform encoding (Cp1252 actually) to copy filtered resources, i.e. build is platform dependent!
2017-06-26 16:27:59,544 [Worker-166] INFO  o.e.m.c.i.embedder.EclipseLogger - Copying 0 resource
2017-06-26 16:27:59,553 [Worker-166] WARN  o.e.m.c.i.embedder.EclipseLogger - Using platform encoding (Cp1252 actually) to copy filtered resources, i.e. build is platform dependent!
2017-06-26 16:27:59,560 [Worker-166] INFO  o.e.m.c.i.embedder.EclipseLogger - Copying 0 resource
2017-06-26 16:28:20,113 [Worker-166] WARN  o.e.m.c.i.embedder.EclipseLogger - Using platform encoding (Cp1252 actually) to copy filtered resources, i.e. build is platform dependent!
2017-06-26 16:28:20,135 [Worker-166] INFO  o.e.m.c.i.embedder.EclipseLogger - Copying 0 resource
2017-06-26 16:28:20,137 [Worker-166] WARN  o.e.m.c.i.embedder.EclipseLogger - Using platform encoding (Cp1252 actually) to copy filtered resources, i.e. build is platform dependent!
2017-06-26 16:28:20,159 [Worker-166] INFO  o.e.m.c.i.embedder.EclipseLogger - Copying 0 resource
2017-06-26 16:29:31,719 [Worker-165] WARN  o.e.m.c.i.embedder.EclipseLogger - Using platform encoding (Cp1252 actually) to copy filtered resources, i.e. build is platform dependent!
2017-06-26 16:29:32,048 [Worker-165] INFO  o.e.m.c.i.embedder.EclipseLogger - Copying 0 resource
2017-06-26 16:29:32,056 [Worker-165] WARN  o.e.m.c.i.embedder.EclipseLogger - Using platform encoding (Cp1252 actually) to copy filtered resources, i.e. build is platform dependent!
2017-06-26 16:29:32,072 [Worker-165] INFO  o.e.m.c.i.embedder.EclipseLogger - Copying 0 resource
2017-06-26 16:29:53,873 [Worker-167] WARN  o.e.m.c.i.embedder.EclipseLogger - Using platform encoding (Cp1252 actually) to copy filtered resources, i.e. build is platform dependent!
2017-06-26 16:29:53,914 [Worker-167] INFO  o.e.m.c.i.embedder.EclipseLogger - Copying 0 resource
2017-06-26 16:29:53,915 [Worker-167] WARN  o.e.m.c.i.embedder.EclipseLogger - Using platform encoding (Cp1252 actually) to copy filtered resources, i.e. build is platform dependent!
2017-06-26 16:29:53,923 [Worker-167] INFO  o.e.m.c.i.embedder.EclipseLogger - Copying 0 resource
2017-06-26 16:30:26,742 [Worker-165] WARN  o.e.m.c.i.embedder.EclipseLogger - Using platform encoding (Cp1252 actually) to copy filtered resources, i.e. build is platform dependent!
2017-06-26 16:30:26,779 [Worker-165] INFO  o.e.m.c.i.embedder.EclipseLogger - Copying 0 resource
2017-06-26 16:30:26,790 [Worker-165] WARN  o.e.m.c.i.embedder.EclipseLogger - Using platform encoding (Cp1252 actually) to copy filtered resources, i.e. build is platform dependent!
2017-06-26 16:30:26,800 [Worker-165] INFO  o.e.m.c.i.embedder.EclipseLogger - Copying 0 resource
2017-06-26 16:31:22,003 [Worker-167] WARN  o.e.m.c.i.embedder.EclipseLogger - Using platform encoding (Cp1252 actually) to copy filtered resources, i.e. build is platform dependent!
2017-06-26 16:31:22,031 [Worker-167] INFO  o.e.m.c.i.embedder.EclipseLogger - Copying 0 resource
2017-06-26 16:31:22,032 [Worker-167] WARN  o.e.m.c.i.embedder.EclipseLogger - Using platform encoding (Cp1252 actually) to copy filtered resources, i.e. build is platform dependent!
2017-06-26 16:31:22,043 [Worker-167] INFO  o.e.m.c.i.embedder.EclipseLogger - Copying 0 resource
2017-06-26 16:31:32,297 [Worker-165] WARN  o.e.m.c.i.embedder.EclipseLogger - Using platform encoding (Cp1252 actually) to copy filtered resources, i.e. build is platform dependent!
2017-06-26 16:31:32,312 [Worker-165] INFO  o.e.m.c.i.embedder.EclipseLogger - Copying 0 resource
2017-06-26 16:31:32,319 [Worker-165] WARN  o.e.m.c.i.embedder.EclipseLogger - Using platform encoding (Cp1252 actually) to copy filtered resources, i.e. build is platform dependent!
2017-06-26 16:31:32,329 [Worker-165] INFO  o.e.m.c.i.embedder.EclipseLogger - Copying 0 resource
2017-06-26 16:32:08,185 [Worker-165] WARN  o.e.m.c.i.embedder.EclipseLogger - Using platform encoding (Cp1252 actually) to copy filtered resources, i.e. build is platform dependent!
2017-06-26 16:32:08,192 [Worker-165] INFO  o.e.m.c.i.embedder.EclipseLogger - Copying 0 resource
2017-06-26 16:32:08,193 [Worker-165] WARN  o.e.m.c.i.embedder.EclipseLogger - Using platform encoding (Cp1252 actually) to copy filtered resources, i.e. build is platform dependent!
2017-06-26 16:32:08,200 [Worker-165] INFO  o.e.m.c.i.embedder.EclipseLogger - Copying 0 resource
2017-06-26 16:33:16,975 [Worker-166] WARN  o.e.m.c.i.embedder.EclipseLogger - Using platform encoding (Cp1252 actually) to copy filtered resources, i.e. build is platform dependent!
2017-06-26 16:33:16,992 [Worker-166] INFO  o.e.m.c.i.embedder.EclipseLogger - Copying 0 resource
2017-06-26 16:33:17,000 [Worker-166] WARN  o.e.m.c.i.embedder.EclipseLogger - Using platform encoding (Cp1252 actually) to copy filtered resources, i.e. build is platform dependent!
2017-06-26 16:33:17,008 [Worker-166] INFO  o.e.m.c.i.embedder.EclipseLogger - Copying 0 resource
2017-06-26 16:33:26,021 [Worker-165] WARN  o.e.m.c.i.embedder.EclipseLogger - Using platform encoding (Cp1252 actually) to copy filtered resources, i.e. build is platform dependent!
2017-06-26 16:33:26,089 [Worker-165] INFO  o.e.m.c.i.embedder.EclipseLogger - Copying 0 resource
2017-06-26 16:33:26,090 [Worker-165] WARN  o.e.m.c.i.embedder.EclipseLogger - Using platform encoding (Cp1252 actually) to copy filtered resources, i.e. build is platform dependent!
2017-06-26 16:33:26,105 [Worker-165] INFO  o.e.m.c.i.embedder.EclipseLogger - Copying 0 resource
2017-06-26 16:45:15,946 [Worker-170] WARN  o.e.m.c.i.embedder.EclipseLogger - Using platform encoding (Cp1252 actually) to copy filtered resources, i.e. build is platform dependent!
2017-06-26 16:45:16,005 [Worker-170] INFO  o.e.m.c.i.embedder.EclipseLogger - Copying 0 resource
2017-06-26 16:45:16,013 [Worker-170] WARN  o.e.m.c.i.embedder.EclipseLogger - Using platform encoding (Cp1252 actually) to copy filtered resources, i.e. build is platform dependent!
2017-06-26 16:45:16,022 [Worker-170] INFO  o.e.m.c.i.embedder.EclipseLogger - Copying 0 resource
2017-06-26 16:47:57,100 [Worker-170] WARN  o.e.m.c.i.embedder.EclipseLogger - Using platform encoding (Cp1252 actually) to copy filtered resources, i.e. build is platform dependent!
2017-06-26 16:47:57,108 [Worker-170] INFO  o.e.m.c.i.embedder.EclipseLogger - Copying 0 resource
2017-06-26 16:47:57,109 [Worker-170] WARN  o.e.m.c.i.embedder.EclipseLogger - Using platform encoding (Cp1252 actually) to copy filtered resources, i.e. build is platform dependent!
2017-06-26 16:47:57,119 [Worker-170] INFO  o.e.m.c.i.embedder.EclipseLogger - Copying 0 resource
2017-06-26 16:48:13,864 [Worker-170] WARN  o.e.m.c.i.embedder.EclipseLogger - Using platform encoding (Cp1252 actually) to copy filtered resources, i.e. build is platform dependent!
2017-06-26 16:48:13,878 [Worker-170] INFO  o.e.m.c.i.embedder.EclipseLogger - Copying 0 resource
2017-06-26 16:48:13,886 [Worker-170] WARN  o.e.m.c.i.embedder.EclipseLogger - Using platform encoding (Cp1252 actually) to copy filtered resources, i.e. build is platform dependent!
2017-06-26 16:48:13,894 [Worker-170] INFO  o.e.m.c.i.embedder.EclipseLogger - Copying 0 resource
2017-06-26 16:50:26,505 [Worker-171] WARN  o.e.m.c.i.embedder.EclipseLogger - Using platform encoding (Cp1252 actually) to copy filtered resources, i.e. build is platform dependent!
2017-06-26 16:50:26,520 [Worker-171] INFO  o.e.m.c.i.embedder.EclipseLogger - Copying 0 resource
2017-06-26 16:50:26,522 [Worker-171] WARN  o.e.m.c.i.embedder.EclipseLogger - Using platform encoding (Cp1252 actually) to copy filtered resources, i.e. build is platform dependent!
2017-06-26 16:50:26,530 [Worker-171] INFO  o.e.m.c.i.embedder.EclipseLogger - Copying 0 resource
2017-06-26 16:50:39,284 [Worker-172] WARN  o.e.m.c.i.embedder.EclipseLogger - Using platform encoding (Cp1252 actually) to copy filtered resources, i.e. build is platform dependent!
2017-06-26 16:50:39,302 [Worker-172] INFO  o.e.m.c.i.embedder.EclipseLogger - Copying 0 resource
2017-06-26 16:50:39,315 [Worker-172] WARN  o.e.m.c.i.embedder.EclipseLogger - Using platform encoding (Cp1252 actually) to copy filtered resources, i.e. build is platform dependent!
2017-06-26 16:50:39,324 [Worker-172] INFO  o.e.m.c.i.embedder.EclipseLogger - Copying 0 resource
2017-06-26 16:51:16,248 [Worker-173] WARN  o.e.m.c.i.embedder.EclipseLogger - Using platform encoding (Cp1252 actually) to copy filtered resources, i.e. build is platform dependent!
2017-06-26 16:51:16,267 [Worker-173] INFO  o.e.m.c.i.embedder.EclipseLogger - Copying 0 resource
2017-06-26 16:51:16,269 [Worker-173] WARN  o.e.m.c.i.embedder.EclipseLogger - Using platform encoding (Cp1252 actually) to copy filtered resources, i.e. build is platform dependent!
2017-06-26 16:51:16,286 [Worker-173] INFO  o.e.m.c.i.embedder.EclipseLogger - Copying 0 resource
2017-06-26 16:57:58,477 [Worker-172] WARN  o.e.m.c.i.embedder.EclipseLogger - Using platform encoding (Cp1252 actually) to copy filtered resources, i.e. build is platform dependent!
2017-06-26 16:57:58,505 [Worker-172] INFO  o.e.m.c.i.embedder.EclipseLogger - Copying 0 resource
2017-06-26 16:57:58,520 [Worker-172] WARN  o.e.m.c.i.embedder.EclipseLogger - Using platform encoding (Cp1252 actually) to copy filtered resources, i.e. build is platform dependent!
2017-06-26 16:57:58,538 [Worker-172] INFO  o.e.m.c.i.embedder.EclipseLogger - Copying 0 resource
2017-06-26 16:59:55,462 [Worker-171] WARN  o.e.m.c.i.embedder.EclipseLogger - Using platform encoding (Cp1252 actually) to copy filtered resources, i.e. build is platform dependent!
2017-06-26 16:59:55,480 [Worker-171] INFO  o.e.m.c.i.embedder.EclipseLogger - Copying 0 resource
2017-06-26 16:59:55,484 [Worker-171] WARN  o.e.m.c.i.embedder.EclipseLogger - Using platform encoding (Cp1252 actually) to copy filtered resources, i.e. build is platform dependent!
2017-06-26 16:59:55,495 [Worker-171] INFO  o.e.m.c.i.embedder.EclipseLogger - Copying 0 resource
2017-06-26 17:00:43,542 [Worker-176] WARN  o.e.m.c.i.embedder.EclipseLogger - Using platform encoding (Cp1252 actually) to copy filtered resources, i.e. build is platform dependent!
2017-06-26 17:00:43,555 [Worker-176] INFO  o.e.m.c.i.embedder.EclipseLogger - Copying 0 resource
2017-06-26 17:00:43,562 [Worker-176] WARN  o.e.m.c.i.embedder.EclipseLogger - Using platform encoding (Cp1252 actually) to copy filtered resources, i.e. build is platform dependent!
2017-06-26 17:00:43,572 [Worker-176] INFO  o.e.m.c.i.embedder.EclipseLogger - Copying 0 resource
2017-06-26 17:56:21,614 [Worker-191] WARN  o.e.m.c.i.embedder.EclipseLogger - Using platform encoding (Cp1252 actually) to copy filtered resources, i.e. build is platform dependent!
2017-06-26 17:56:21,695 [Worker-191] INFO  o.e.m.c.i.embedder.EclipseLogger - Copying 0 resource
2017-06-26 17:56:21,697 [Worker-191] WARN  o.e.m.c.i.embedder.EclipseLogger - Using platform encoding (Cp1252 actually) to copy filtered resources, i.e. build is platform dependent!
2017-06-26 17:56:21,705 [Worker-191] INFO  o.e.m.c.i.embedder.EclipseLogger - Copying 0 resource
2017-06-26 17:56:32,714 [Worker-191] WARN  o.e.m.c.i.embedder.EclipseLogger - Using platform encoding (Cp1252 actually) to copy filtered resources, i.e. build is platform dependent!
2017-06-26 17:56:32,727 [Worker-191] INFO  o.e.m.c.i.embedder.EclipseLogger - Copying 0 resource
2017-06-26 17:56:32,735 [Worker-191] WARN  o.e.m.c.i.embedder.EclipseLogger - Using platform encoding (Cp1252 actually) to copy filtered resources, i.e. build is platform dependent!
2017-06-26 17:56:32,743 [Worker-191] INFO  o.e.m.c.i.embedder.EclipseLogger - Copying 0 resource
2017-06-26 17:56:43,988 [Worker-192] WARN  o.e.m.c.i.embedder.EclipseLogger - Using platform encoding (Cp1252 actually) to copy filtered resources, i.e. build is platform dependent!
2017-06-26 17:56:43,997 [Worker-192] INFO  o.e.m.c.i.embedder.EclipseLogger - Copying 0 resource
2017-06-26 17:56:43,998 [Worker-192] WARN  o.e.m.c.i.embedder.EclipseLogger - Using platform encoding (Cp1252 actually) to copy filtered resources, i.e. build is platform dependent!
2017-06-26 17:56:44,010 [Worker-192] INFO  o.e.m.c.i.embedder.EclipseLogger - Copying 0 resource
2017-06-26 17:58:00,532 [Worker-192] WARN  o.e.m.c.i.embedder.EclipseLogger - Using platform encoding (Cp1252 actually) to copy filtered resources, i.e. build is platform dependent!
2017-06-26 17:58:00,546 [Worker-192] INFO  o.e.m.c.i.embedder.EclipseLogger - Copying 0 resource
2017-06-26 17:58:00,554 [Worker-192] WARN  o.e.m.c.i.embedder.EclipseLogger - Using platform encoding (Cp1252 actually) to copy filtered resources, i.e. build is platform dependent!
2017-06-26 17:58:00,562 [Worker-192] INFO  o.e.m.c.i.embedder.EclipseLogger - Copying 0 resource
2017-06-26 17:58:26,815 [Worker-189] WARN  o.e.m.c.i.embedder.EclipseLogger - Using platform encoding (Cp1252 actually) to copy filtered resources, i.e. build is platform dependent!
2017-06-26 17:58:26,864 [Worker-189] INFO  o.e.m.c.i.embedder.EclipseLogger - Copying 0 resource
2017-06-26 17:58:26,901 [Worker-189] WARN  o.e.m.c.i.embedder.EclipseLogger - Using platform encoding (Cp1252 actually) to copy filtered resources, i.e. build is platform dependent!
2017-06-26 17:58:26,914 [Worker-189] INFO  o.e.m.c.i.embedder.EclipseLogger - Copying 0 resource
2017-06-26 18:00:23,866 [Worker-195] WARN  o.e.m.c.i.embedder.EclipseLogger - Using platform encoding (Cp1252 actually) to copy filtered resources, i.e. build is platform dependent!
2017-06-26 18:00:23,887 [Worker-195] INFO  o.e.m.c.i.embedder.EclipseLogger - Copying 0 resource
2017-06-26 18:00:23,895 [Worker-195] WARN  o.e.m.c.i.embedder.EclipseLogger - Using platform encoding (Cp1252 actually) to copy filtered resources, i.e. build is platform dependent!
2017-06-26 18:00:23,905 [Worker-195] INFO  o.e.m.c.i.embedder.EclipseLogger - Copying 0 resource
2017-06-26 18:00:51,589 [Worker-192] WARN  o.e.m.c.i.embedder.EclipseLogger - Using platform encoding (Cp1252 actually) to copy filtered resources, i.e. build is platform dependent!
2017-06-26 18:00:51,596 [Worker-192] INFO  o.e.m.c.i.embedder.EclipseLogger - Copying 0 resource
2017-06-26 18:00:51,598 [Worker-192] WARN  o.e.m.c.i.embedder.EclipseLogger - Using platform encoding (Cp1252 actually) to copy filtered resources, i.e. build is platform dependent!
2017-06-26 18:00:51,608 [Worker-192] INFO  o.e.m.c.i.embedder.EclipseLogger - Copying 0 resource
2017-06-26 18:01:01,183 [Worker-189] WARN  o.e.m.c.i.embedder.EclipseLogger - Using platform encoding (Cp1252 actually) to copy filtered resources, i.e. build is platform dependent!
2017-06-26 18:01:01,231 [Worker-189] INFO  o.e.m.c.i.embedder.EclipseLogger - Copying 0 resource
2017-06-26 18:01:01,242 [Worker-189] WARN  o.e.m.c.i.embedder.EclipseLogger - Using platform encoding (Cp1252 actually) to copy filtered resources, i.e. build is platform dependent!
2017-06-26 18:01:01,255 [Worker-189] INFO  o.e.m.c.i.embedder.EclipseLogger - Copying 0 resource
2017-06-26 18:03:34,203 [Worker-192] WARN  o.e.m.c.i.embedder.EclipseLogger - Using platform encoding (Cp1252 actually) to copy filtered resources, i.e. build is platform dependent!
2017-06-26 18:03:34,211 [Worker-192] INFO  o.e.m.c.i.embedder.EclipseLogger - Copying 0 resource
2017-06-26 18:03:34,212 [Worker-192] WARN  o.e.m.c.i.embedder.EclipseLogger - Using platform encoding (Cp1252 actually) to copy filtered resources, i.e. build is platform dependent!
2017-06-26 18:03:34,220 [Worker-192] INFO  o.e.m.c.i.embedder.EclipseLogger - Copying 0 resource
2017-06-26 18:03:42,758 [Worker-195] WARN  o.e.m.c.i.embedder.EclipseLogger - Using platform encoding (Cp1252 actually) to copy filtered resources, i.e. build is platform dependent!
2017-06-26 18:03:42,774 [Worker-195] INFO  o.e.m.c.i.embedder.EclipseLogger - Copying 0 resource
2017-06-26 18:03:42,785 [Worker-195] WARN  o.e.m.c.i.embedder.EclipseLogger - Using platform encoding (Cp1252 actually) to copy filtered resources, i.e. build is platform dependent!
2017-06-26 18:03:42,802 [Worker-195] INFO  o.e.m.c.i.embedder.EclipseLogger - Copying 0 resource
2017-06-26 18:04:25,646 [Worker-192] WARN  o.e.m.c.i.embedder.EclipseLogger - Using platform encoding (Cp1252 actually) to copy filtered resources, i.e. build is platform dependent!
2017-06-26 18:04:25,658 [Worker-192] INFO  o.e.m.c.i.embedder.EclipseLogger - Copying 0 resource
2017-06-26 18:04:25,659 [Worker-192] WARN  o.e.m.c.i.embedder.EclipseLogger - Using platform encoding (Cp1252 actually) to copy filtered resources, i.e. build is platform dependent!
2017-06-26 18:04:25,668 [Worker-192] INFO  o.e.m.c.i.embedder.EclipseLogger - Copying 0 resource
2017-06-26 18:04:52,257 [Worker-195] WARN  o.e.m.c.i.embedder.EclipseLogger - Using platform encoding (Cp1252 actually) to copy filtered resources, i.e. build is platform dependent!
2017-06-26 18:04:52,357 [Worker-195] INFO  o.e.m.c.i.embedder.EclipseLogger - Copying 0 resource
2017-06-26 18:04:52,374 [Worker-195] WARN  o.e.m.c.i.embedder.EclipseLogger - Using platform encoding (Cp1252 actually) to copy filtered resources, i.e. build is platform dependent!
2017-06-26 18:04:52,400 [Worker-195] INFO  o.e.m.c.i.embedder.EclipseLogger - Copying 0 resource
2017-06-26 18:05:23,985 [Worker-195] WARN  o.e.m.c.i.embedder.EclipseLogger - Using platform encoding (Cp1252 actually) to copy filtered resources, i.e. build is platform dependent!
2017-06-26 18:05:24,068 [Worker-195] INFO  o.e.m.c.i.embedder.EclipseLogger - Copying 0 resource
2017-06-26 18:05:24,069 [Worker-195] WARN  o.e.m.c.i.embedder.EclipseLogger - Using platform encoding (Cp1252 actually) to copy filtered resources, i.e. build is platform dependent!
2017-06-26 18:05:24,123 [Worker-195] INFO  o.e.m.c.i.embedder.EclipseLogger - Copying 0 resource
2017-06-26 18:07:56,724 [Worker-196] WARN  o.e.m.c.i.embedder.EclipseLogger - Using platform encoding (Cp1252 actually) to copy filtered resources, i.e. build is platform dependent!
2017-06-26 18:07:56,738 [Worker-196] INFO  o.e.m.c.i.embedder.EclipseLogger - Copying 0 resource
2017-06-26 18:07:56,747 [Worker-196] WARN  o.e.m.c.i.embedder.EclipseLogger - Using platform encoding (Cp1252 actually) to copy filtered resources, i.e. build is platform dependent!
2017-06-26 18:07:56,758 [Worker-196] INFO  o.e.m.c.i.embedder.EclipseLogger - Copying 0 resource
2017-06-26 18:08:14,804 [Worker-195] WARN  o.e.m.c.i.embedder.EclipseLogger - Using platform encoding (Cp1252 actually) to copy filtered resources, i.e. build is platform dependent!
2017-06-26 18:08:14,815 [Worker-195] INFO  o.e.m.c.i.embedder.EclipseLogger - Copying 0 resource
2017-06-26 18:08:14,816 [Worker-195] WARN  o.e.m.c.i.embedder.EclipseLogger - Using platform encoding (Cp1252 actually) to copy filtered resources, i.e. build is platform dependent!
2017-06-26 18:08:14,829 [Worker-195] INFO  o.e.m.c.i.embedder.EclipseLogger - Copying 0 resource
2017-06-26 18:09:20,993 [Worker-196] WARN  o.e.m.c.i.embedder.EclipseLogger - Using platform encoding (Cp1252 actually) to copy filtered resources, i.e. build is platform dependent!
2017-06-26 18:09:21,007 [Worker-196] INFO  o.e.m.c.i.embedder.EclipseLogger - Copying 0 resource
2017-06-26 18:09:21,015 [Worker-196] WARN  o.e.m.c.i.embedder.EclipseLogger - Using platform encoding (Cp1252 actually) to copy filtered resources, i.e. build is platform dependent!
2017-06-26 18:09:21,023 [Worker-196] INFO  o.e.m.c.i.embedder.EclipseLogger - Copying 0 resource
2017-06-26 18:09:25,960 [Worker-196] WARN  o.e.m.c.i.embedder.EclipseLogger - Using platform encoding (Cp1252 actually) to copy filtered resources, i.e. build is platform dependent!
2017-06-26 18:09:25,969 [Worker-196] INFO  o.e.m.c.i.embedder.EclipseLogger - Copying 0 resource
2017-06-26 18:09:25,971 [Worker-196] WARN  o.e.m.c.i.embedder.EclipseLogger - Using platform encoding (Cp1252 actually) to copy filtered resources, i.e. build is platform dependent!
2017-06-26 18:09:25,990 [Worker-196] INFO  o.e.m.c.i.embedder.EclipseLogger - Copying 0 resource
2017-06-26 18:10:19,949 [Worker-196] WARN  o.e.m.c.i.embedder.EclipseLogger - Using platform encoding (Cp1252 actually) to copy filtered resources, i.e. build is platform dependent!
2017-06-26 18:10:20,084 [Worker-196] INFO  o.e.m.c.i.embedder.EclipseLogger - Copying 0 resource
2017-06-26 18:10:20,098 [Worker-196] WARN  o.e.m.c.i.embedder.EclipseLogger - Using platform encoding (Cp1252 actually) to copy filtered resources, i.e. build is platform dependent!
2017-06-26 18:10:20,117 [Worker-196] INFO  o.e.m.c.i.embedder.EclipseLogger - Copying 0 resource
2017-06-26 18:11:43,353 [Worker-195] WARN  o.e.m.c.i.embedder.EclipseLogger - Using platform encoding (Cp1252 actually) to copy filtered resources, i.e. build is platform dependent!
2017-06-26 18:11:43,361 [Worker-195] INFO  o.e.m.c.i.embedder.EclipseLogger - Copying 0 resource
2017-06-26 18:11:43,362 [Worker-195] WARN  o.e.m.c.i.embedder.EclipseLogger - Using platform encoding (Cp1252 actually) to copy filtered resources, i.e. build is platform dependent!
2017-06-26 18:11:43,370 [Worker-195] INFO  o.e.m.c.i.embedder.EclipseLogger - Copying 0 resource
2017-06-26 18:11:58,218 [Worker-197] WARN  o.e.m.c.i.embedder.EclipseLogger - Using platform encoding (Cp1252 actually) to copy filtered resources, i.e. build is platform dependent!
2017-06-26 18:11:58,256 [Worker-197] INFO  o.e.m.c.i.embedder.EclipseLogger - Copying 0 resource
2017-06-26 18:11:58,285 [Worker-197] WARN  o.e.m.c.i.embedder.EclipseLogger - Using platform encoding (Cp1252 actually) to copy filtered resources, i.e. build is platform dependent!
2017-06-26 18:11:58,295 [Worker-197] INFO  o.e.m.c.i.embedder.EclipseLogger - Copying 0 resource
2017-06-26 18:12:38,453 [Worker-196] WARN  o.e.m.c.i.embedder.EclipseLogger - Using platform encoding (Cp1252 actually) to copy filtered resources, i.e. build is platform dependent!
2017-06-26 18:12:38,461 [Worker-196] INFO  o.e.m.c.i.embedder.EclipseLogger - Copying 0 resource
2017-06-26 18:12:38,463 [Worker-196] WARN  o.e.m.c.i.embedder.EclipseLogger - Using platform encoding (Cp1252 actually) to copy filtered resources, i.e. build is platform dependent!
2017-06-26 18:12:38,471 [Worker-196] INFO  o.e.m.c.i.embedder.EclipseLogger - Copying 0 resource
2017-06-26 18:13:02,139 [Worker-197] WARN  o.e.m.c.i.embedder.EclipseLogger - Using platform encoding (Cp1252 actually) to copy filtered resources, i.e. build is platform dependent!
2017-06-26 18:13:02,148 [Worker-197] INFO  o.e.m.c.i.embedder.EclipseLogger - Copying 0 resource
2017-06-26 18:13:02,157 [Worker-197] WARN  o.e.m.c.i.embedder.EclipseLogger - Using platform encoding (Cp1252 actually) to copy filtered resources, i.e. build is platform dependent!
2017-06-26 18:13:02,172 [Worker-197] INFO  o.e.m.c.i.embedder.EclipseLogger - Copying 0 resource
2017-06-26 18:13:28,964 [Worker-197] WARN  o.e.m.c.i.embedder.EclipseLogger - Using platform encoding (Cp1252 actually) to copy filtered resources, i.e. build is platform dependent!
2017-06-26 18:13:28,974 [Worker-197] INFO  o.e.m.c.i.embedder.EclipseLogger - Copying 0 resource
2017-06-26 18:13:28,976 [Worker-197] WARN  o.e.m.c.i.embedder.EclipseLogger - Using platform encoding (Cp1252 actually) to copy filtered resources, i.e. build is platform dependent!
2017-06-26 18:13:28,986 [Worker-197] INFO  o.e.m.c.i.embedder.EclipseLogger - Copying 0 resource
2017-06-26 18:17:20,345 [Worker-195] WARN  o.e.m.c.i.embedder.EclipseLogger - Using platform encoding (Cp1252 actually) to copy filtered resources, i.e. build is platform dependent!
2017-06-26 18:17:20,389 [Worker-195] INFO  o.e.m.c.i.embedder.EclipseLogger - Copying 0 resource
2017-06-26 18:17:20,402 [Worker-195] WARN  o.e.m.c.i.embedder.EclipseLogger - Using platform encoding (Cp1252 actually) to copy filtered resources, i.e. build is platform dependent!
2017-06-26 18:17:20,421 [Worker-195] INFO  o.e.m.c.i.embedder.EclipseLogger - Copying 0 resource
2017-06-26 18:17:43,713 [Worker-195] WARN  o.e.m.c.i.embedder.EclipseLogger - Using platform encoding (Cp1252 actually) to copy filtered resources, i.e. build is platform dependent!
2017-06-26 18:17:43,722 [Worker-195] INFO  o.e.m.c.i.embedder.EclipseLogger - Copying 0 resource
2017-06-26 18:17:43,723 [Worker-195] WARN  o.e.m.c.i.embedder.EclipseLogger - Using platform encoding (Cp1252 actually) to copy filtered resources, i.e. build is platform dependent!
2017-06-26 18:17:43,731 [Worker-195] INFO  o.e.m.c.i.embedder.EclipseLogger - Copying 0 resource
2017-06-26 18:18:29,834 [Worker-195] WARN  o.e.m.c.i.embedder.EclipseLogger - Using platform encoding (Cp1252 actually) to copy filtered resources, i.e. build is platform dependent!
2017-06-26 18:18:29,876 [Worker-195] INFO  o.e.m.c.i.embedder.EclipseLogger - Copying 0 resource
2017-06-26 18:18:29,886 [Worker-195] WARN  o.e.m.c.i.embedder.EclipseLogger - Using platform encoding (Cp1252 actually) to copy filtered resources, i.e. build is platform dependent!
2017-06-26 18:18:29,895 [Worker-195] INFO  o.e.m.c.i.embedder.EclipseLogger - Copying 0 resource
2017-06-26 18:35:24,065 [Worker-200] WARN  o.e.m.c.i.embedder.EclipseLogger - Using platform encoding (Cp1252 actually) to copy filtered resources, i.e. build is platform dependent!
2017-06-26 18:35:24,159 [Worker-200] INFO  o.e.m.c.i.embedder.EclipseLogger - Copying 0 resource
2017-06-26 18:35:24,161 [Worker-200] WARN  o.e.m.c.i.embedder.EclipseLogger - Using platform encoding (Cp1252 actually) to copy filtered resources, i.e. build is platform dependent!
2017-06-26 18:35:24,186 [Worker-200] INFO  o.e.m.c.i.embedder.EclipseLogger - Copying 0 resource
2017-06-26 19:44:00,794 [Worker-0] WARN  o.e.m.c.i.embedder.EclipseLogger - Using platform encoding (Cp1252 actually) to copy filtered resources, i.e. build is platform dependent!
2017-06-26 19:44:00,866 [Worker-0] INFO  o.e.m.c.i.embedder.EclipseLogger - Copying 0 resource
2017-06-26 19:44:00,870 [Worker-0] WARN  o.e.m.c.i.embedder.EclipseLogger - Using platform encoding (Cp1252 actually) to copy filtered resources, i.e. build is platform dependent!
2017-06-26 19:44:00,878 [Worker-0] INFO  o.e.m.c.i.embedder.EclipseLogger - Copying 0 resource
2017-06-26 19:46:58,580 [Worker-0] WARN  o.e.m.c.i.embedder.EclipseLogger - Using platform encoding (Cp1252 actually) to copy filtered resources, i.e. build is platform dependent!
2017-06-26 19:46:58,632 [Worker-0] INFO  o.e.m.c.i.embedder.EclipseLogger - Copying 0 resource
2017-06-26 19:46:58,636 [Worker-0] WARN  o.e.m.c.i.embedder.EclipseLogger - Using platform encoding (Cp1252 actually) to copy filtered resources, i.e. build is platform dependent!
2017-06-26 19:46:58,646 [Worker-0] INFO  o.e.m.c.i.embedder.EclipseLogger - Copying 0 resource
